DEBUG:visited:https://www.npr.org/sections/coronavirus-live-updates/
DEBUG:visited:https://www.npr.org/
DEBUG:visited:https://www.npr.org/2020/05/28/863417954/travel-restrictions-on-canadian-border-cut-back-and-forth-for-families-businesse
DEBUG:visited:https://www.npr.org/2020/07/01/882957793/when-essential-workers-earn-less-than-the-jobless-we-put-the-country-on-our-back
DEBUG:visited:https://www.npr.org/2020/07/02/885979057/hiring-surged-in-june-employers-added-4-8-million-jobs-before-new-spike-in-infec
DEBUG:visited:https://www.npr.org/2020/07/06/887046279/we-need-help-people-at-higher-coronavirus-risk-fear-losing-federal-unemployment
DEBUG:visited:https://www.npr.org/2020/07/06/887150180/mexicos-president-weathers-a-torrent-of-criticism-over-meeting-with-trump
DEBUG:visited:https://www.npr.org/2020/07/07/888157257/white-house-pushes-to-reopen-schools-despite-a-surge-in-coronavirus-cases
DEBUG:visited:https://www.npr.org/2020/07/08/888726375/several-gop-senators-plan-to-skip-the-republican-national-convention
DEBUG:visited:https://www.npr.org/music/
DEBUG:visited:https://www.npr.org/people/131724812/scott-neuman
DEBUG:visited:https://www.npr.org/people/131724812/scott-neuman
DEBUG:visited:https://www.npr.org/people/131724812/scott-neuman
DEBUG:visited:https://www.npr.org/people/14562108/bill-chappell
DEBUG:visited:https://www.npr.org/people/14562108/bill-chappell
DEBUG:visited:https://www.npr.org/people/177498291/hansi-lo-wang
DEBUG:visited:https://www.npr.org/people/2101136/david-schaper
DEBUG:visited:https://www.npr.org/people/2781501/don-gonyea
DEBUG:visited:https://www.npr.org/people/2788801/scott-horsley
DEBUG:visited:https://www.npr.org/people/349625027/cory-turner
DEBUG:visited:https://www.npr.org/people/432862355/colin-dwyer
DEBUG:visited:https://www.npr.org/people/432862355/colin-dwyer
DEBUG:visited:https://www.npr.org/people/4510160/david-greene
DEBUG:visited:https://www.npr.org/people/463234136/laurel-wamsley
DEBUG:visited:https://www.npr.org/people/576543610/daniel-estrin
DEBUG:visited:https://www.npr.org/people/776048102/rachel-treisman
DEBUG:visited:https://www.npr.org/people/776048102/rachel-treisman
DEBUG:visited:https://www.npr.org/people/826637909/austin-horn
DEBUG:visited:https://www.npr.org/people/826637909/austin-horn
DEBUG:visited:https://www.npr.org/people/826637909/austin-horn
DEBUG:visited:https://www.npr.org/people/828873480/emma-jacobs
DEBUG:visited:https://www.npr.org/podcasts/510312/codeswitch
DEBUG:visited:https://www.npr.org/podcasts/510317/its-been-a-minute-with-sam-sanders
DEBUG:visited:https://www.npr.org/podcasts/510318/up-first
DEBUG:visited:https://www.npr.org/podcasts/510333/throughline
DEBUG:visited:https://www.npr.org/podcasts/510355/considerthis
DEBUG:visited:https://www.npr.org/programs/all-things-considered/
DEBUG:visited:https://www.npr.org/programs/fresh-air/
DEBUG:visited:https://www.npr.org/programs/morning-edition/
DEBUG:visited:https://www.npr.org/programs/weekend-edition-saturday/
DEBUG:visited:https://www.npr.org/programs/weekend-edition-sunday/
DEBUG:visited:https://www.npr.org/sections/coronavirus-live-updates/2020/05/21/860352150/devos-faces-pushback-over-plan-to-reroute-aid-to-private-school-students
DEBUG:visited:https://www.npr.org/sections/coronavirus-live-updates/2020/06/18/880562513/back-to-school-for-real-texas-officials-say-yes
DEBUG:visited:https://www.npr.org/sections/coronavirus-live-updates/2020/06/24/883124013/democrats-outline-modified-convention-amid-coronavirus-fears
DEBUG:visited:https://www.npr.org/sections/coronavirus-live-updates/2020/06/29/884638999/u-s-pediatricians-call-for-in-person-school-this-fall
DEBUG:visited:https://www.npr.org/sections/coronavirus-live-updates/2020/07/05/887445479/u-s-covid-19-deaths-near-130-000-florida-and-texas-report-record-case-numbers
DEBUG:visited:https://www.npr.org/sections/coronavirus-live-updates/2020/07/07/888165466/atlanta-mayor-tests-positive-sees-perfect-storm-of-distress-in-america
DEBUG:visited:https://www.npr.org/sections/health-shots/2020/03/16/816707182/map-tracking-the-spread-of-the-coronavirus-in-the-u-s
DEBUG:visited:https://www.npr.org/series/847328455/coronavirus-restrictions-in-each-state
DEBUG:visited:https://www.npr.org/transcripts/888853601
DEBUG:visited:https://www.pbs.org/newshour/health/
DEBUG:visited:https://www.pbs.org/newshour/
DEBUG:visited:https://www.pbs.org/newshour/
DEBUG:visited:https://www.pbs.org/newshour/
DEBUG:visited:https://www.pbs.org/newshour/economy/layoffs-remain-high-as-1-3-million-seek-jobless-aid
DEBUG:visited:https://www.pbs.org/newshour/economy/layoffs-remain-high-as-1-3-million-seek-jobless-aid
DEBUG:visited:https://www.pbs.org/newshour/economy/u-s-consumers-reduced-their-borrowing-by-18-3-billion-in-may
DEBUG:visited:https://www.pbs.org/newshour/education/trump-threatens-to-cut-federal-aid-if-schools-dont-reopen
DEBUG:visited:https://www.pbs.org/newshour/education/trump-threatens-to-cut-federal-aid-if-schools-dont-reopen
DEBUG:visited:https://www.pbs.org/newshour/health/
DEBUG:visited:https://www.pbs.org/newshour/health/
DEBUG:visited:https://www.pbs.org/newshour/health/
DEBUG:visited:https://www.pbs.org/newshour/health/page/2
DEBUG:visited:https://www.pbs.org/newshour/health/page/852
DEBUG:visited:https://www.pbs.org/newshour/health/u-s-to-advise-health-care-workers-to-reuse-ppe-says-pence
DEBUG:visited:https://www.pbs.org/newshour/health/what-tech-giants-could-be-doing-to-help-close-racial-gaps-in-health
DEBUG:visited:https://www.pbs.org/newshour/health/what-you-need-to-know-about-the-race-for-the-coronavirus-vaccine
DEBUG:visited:https://www.pbs.org/newshour/health/what-you-need-to-know-about-the-race-for-the-coronavirus-vaccine
DEBUG:visited:https://www.pbs.org/newshour/health/what-you-need-to-know-about-the-race-for-the-coronavirus-vaccine
DEBUG:visited:https://www.pbs.org/newshour/nation/strike-for-black-lives-to-highlight-systemic-racism-ap-report-finds
DEBUG:visited:https://www.pbs.org/newshour/nation/transcripts-show-officer-told-george-floyd-it-takes-a-lot-of-oxygen-to-talk-before-his-death
DEBUG:visited:https://www.pbs.org/newshour/nation/watch-live-pence-leads-white-house-coronavirus-task-force-briefing-at-education-department
DEBUG:visited:https://www.pbs.org/newshour/podcasts
DEBUG:visited:https://www.pbs.org/newshour/podcasts
DEBUG:visited:https://www.pbs.org/newshour/politics/supreme-court-expected-to-rule-on-trump-tax-records-thursday
DEBUG:visited:https://www.pbs.org/newshour/politics/supreme-court-rules-manhattan-da-can-obtain-trump-taxes
DEBUG:visited:https://www.pbs.org/newshour/politics/vindman-retiring-from-u-s-army-lawyer-accuses-trump-of-bullying-intimidation-and-retaliation
DEBUG:visited:https://www.pbs.org/newshour/politics/watch-live-trump-and-mexican-president-obrador-give-joint-press-statement
DEBUG:visited:https://www.pbs.org/newshour/politics/watch-live-white-house-press-secretary-kayleigh-mcenany-holds-news-briefing-2
DEBUG:visited:https://www.pbs.org/newshour/politics/watch-live-white-house-press-secretary-kayleigh-mcenany-holds-news-briefing-2
DEBUG:visited:https://www.pbs.org/newshour/politics/watch-live-white-house-press-secretary-kayleigh-mcenany-holds-news-briefing-2
DEBUG:visited:https://www.pbs.org/newshour/show/despite-virus-surge-trump-pressures-schools-to-resume-in-person-classes-this-fallk
DEBUG:visited:https://www.pbs.org/newshour/show/despite-virus-surge-trump-pressures-schools-to-resume-in-person-classes-this-fallk
DEBUG:visited:https://www.pbs.org/newshour/show/july-8-2020-pbs-newshour-full-episode
DEBUG:visited:https://www.pbs.org/newshour/show/july-8-2020-pbs-newshour-full-episode
DEBUG:visited:https://www.pbs.org/newshour/show/pbs-newshour-presents-china-power-and-prosperity
DEBUG:visited:https://www.pbs.org/newshour/show/why-is-the-u-s-still-struggling-to-test-everyone-who-needs-it
DEBUG:visited:https://www.pbs.org/newshour/show/why-is-the-u-s-still-struggling-to-test-everyone-who-needs-it
DEBUG:visited:https://www.pbs.org/newshour/subscribe
DEBUG:visited:https://www.pbs.org/newshour/subscribe
DEBUG:visited:https://www.pbs.org/newshour/subscribe#rss-feeds
DEBUG:visited:https://www.pbs.org/newshour/support/friends-of-the-newshour?utm_source=newshour%20additional%20page&utm_medium=png
DEBUG:visited:https://www.pbs.org/newshour/support/friends-of-the-newshour?utm_source=newshour%20support%20page&utm_medium=redbutton
DEBUG:visited:https://www.pbs.org/newshour/video
DEBUG:visited:https://www.pbs.org/newshour/video
DEBUG:visited:https://www.pbs.org/newshour/world/brazils-president-says-unproven-hydroxychloroquine-treatment-will-cure-his-virus
DEBUG:visited:https://www.pbs.org/newshour/world/seoul-mayor-missing-his-phone-turned-off-search-underway
DEBUG:visited:https://www.pbs.org/newshour/health/
DEBUG:visited:https://www.pbs.org/newshour/health/page/2
DEBUG:visited:https://www.pbs.org/newshour/health/page/3
DEBUG:visited:https://www.cbsnews.com/news/
DEBUG:visited:https://www.cbsnews.com/
DEBUG:visited:https://www.cbsnews.com/
DEBUG:visited:https://www.cbsnews.com/
DEBUG:visited:https://www.cbsnews.com/48-hours/
DEBUG:visited:https://www.cbsnews.com/60-minutes/
DEBUG:visited:https://www.cbsnews.com/app/
DEBUG:visited:https://www.cbsnews.com/cbs-this-morning/
DEBUG:visited:https://www.cbsnews.com/cbs-this-morning/saturday/
DEBUG:visited:https://www.cbsnews.com/cbsn-originals/
DEBUG:visited:https://www.cbsnews.com/crime/
DEBUG:visited:https://www.cbsnews.com/crime/
DEBUG:visited:https://www.cbsnews.com/crime/
DEBUG:visited:https://www.cbsnews.com/entertainment
DEBUG:visited:https://www.cbsnews.com/entertainment
DEBUG:visited:https://www.cbsnews.com/entertainment/
DEBUG:visited:https://www.cbsnews.com/evening-news/
DEBUG:visited:https://www.cbsnews.com/face-the-nation/
DEBUG:visited:https://www.cbsnews.com/health/
DEBUG:visited:https://www.cbsnews.com/health/
DEBUG:visited:https://www.cbsnews.com/health/
DEBUG:visited:https://www.cbsnews.com/in-depth/
DEBUG:visited:https://www.cbsnews.com/live-news/coronavirus-deaths-global-pandemic-lives-we-lost/
DEBUG:visited:https://www.cbsnews.com/live-news/coronavirus-deaths-global-pandemic-lives-we-lost/
DEBUG:visited:https://www.cbsnews.com/live-updates/coronavirus-disease-answers-frequently-asked-questions/
DEBUG:visited:https://www.cbsnews.com/live-updates/coronavirus-disease-answers-frequently-asked-questions/
DEBUG:visited:https://www.cbsnews.com/live-updates/coronavirus-disease-answers-frequently-asked-questions/
DEBUG:visited:https://www.cbsnews.com/live/
DEBUG:visited:https://www.cbsnews.com/live/
DEBUG:visited:https://www.cbsnews.com/local/
DEBUG:visited:https://www.cbsnews.com/moneywatch/
DEBUG:visited:https://www.cbsnews.com/moneywatch/
DEBUG:visited:https://www.cbsnews.com/moneywatch/
DEBUG:visited:https://www.cbsnews.com/moneywatch/
DEBUG:visited:https://www.cbsnews.com/moneywatch/
DEBUG:visited:https://www.cbsnews.com/ncis/the-cases-they-cant-forget/
DEBUG:visited:https://www.cbsnews.com/news/
DEBUG:visited:https://www.cbsnews.com/news/
DEBUG:visited:https://www.cbsnews.com/news/
DEBUG:visited:https://www.cbsnews.com/news/
DEBUG:visited:https://www.cbsnews.com/news/
DEBUG:visited:https://www.cbsnews.com/news/2020-daily-trail-markers-jacksonvilles-covid-count-rises-in-weeks-before-gop-convention/
DEBUG:visited:https://www.cbsnews.com/news/alexander-vindman-impeachment-inquiry-witness-retire-military/
DEBUG:visited:https://www.cbsnews.com/news/all-lives-matter-black-lives-matter/
DEBUG:visited:https://www.cbsnews.com/news/ari-gershman-california-doctor-shooting/
DEBUG:visited:https://www.cbsnews.com/news/ari-gershman-california-doctor-shooting/
DEBUG:visited:https://www.cbsnews.com/news/blackout-day-2020-black-owned-businesses/
DEBUG:visited:https://www.bbc.com/news/
DEBUG:visited:https://www.bbc.com/news
DEBUG:visited:https://www.bbc.com/news
DEBUG:visited:https://www.bbc.com/news
DEBUG:visited:https://www.bbc.com/news
DEBUG:visited:https://www.bbc.com/news/
DEBUG:visited:https://www.bbc.com/news/business
DEBUG:visited:https://www.bbc.com/news/business
DEBUG:visited:https://www.bbc.com/news/coronavirus
DEBUG:visited:https://www.bbc.com/news/coronavirus
DEBUG:visited:https://www.bbc.com/news/health
DEBUG:visited:https://www.bbc.com/news/health
DEBUG:visited:https://www.bbc.com/news/live/world-53344467
DEBUG:visited:https://www.bbc.com/news/newsbeat-53007952
DEBUG:visited:https://www.bbc.com/news/uk
DEBUG:visited:https://www.bbc.com/news/uk
DEBUG:visited:https://www.bbc.com/news/uk-politics-53336781
DEBUG:visited:https://www.bbc.com/news/uk-politics-53336781
DEBUG:visited:https://www.bbc.com/news/uk-wales-53341817
DEBUG:visited:https://www.bbc.com/news/world
DEBUG:visited:https://www.bbc.com/news/world
DEBUG:visited:https://www.bbc.com/news/world-europe-53342667
DEBUG:visited:https://www.bbc.com/news/world-europe-53342667
DEBUG:visited:https://www.bbc.com/news/world-middle-east-53342665
DEBUG:visited:https://www.bbc.com/news/world-middle-east-53342668
DEBUG:visited:https://www.bbc.com/news/world-us-canada-53083559
DEBUG:visited:https://www.bbc.com/news/world-us-canada-53159496
DEBUG:visited:https://www.bbc.com/news/world-us-canada-53343712
DEBUG:visited:https://www.bbc.com/news/world-us-canada-53343712
DEBUG:visited:https://www.bbc.com/news/world_radio_and_tv
DEBUG:visited:https://www.bbc.com/sounds/play/live:bbc_world_service
DEBUG:visited:https://www.bbc.com/news/stories
